[0418/182505.320:ERROR:process_memory_win.cc(73)] ReadMemory at 0x7ff6d4ae0000 of 64 bytes failed: Запрос ReadProcessMemory или WriteProcessMemory был выполнен только частично. (0x12B)
[0418/182510.643:WARNING:pe_image_reader.cc(340)] could not read dos header from C:\Program Files (x86)\Google\Chrome\Application\chrome.exe
[0418/182510.643:ERROR:process_memory_win.cc(73)] ReadMemory at 0x7ffdd1ac0000 of 64 bytes failed: Запрос ReadProcessMemory или WriteProcessMemory был выполнен только частично. (0x12B)
[0418/182510.644:WARNING:pe_image_reader.cc(340)] could not read dos header from C:\WINDOWS\SYSTEM32\ntdll.dll
[0418/182510.644:ERROR:process_memory_win.cc(73)] ReadMemory at 0x7ffdd1260000 of 64 bytes failed: Запрос ReadProcessMemory или WriteProcessMemory был выполнен только частично. (0x12B)
[0418/182511.187:WARNING:pe_image_reader.cc(340)] could not read dos header from C:\WINDOWS\System32\KERNEL32.DLL
[0418/182511.187:ERROR:process_memory_win.cc(73)] ReadMemory at 0x7ffdcdee0000 of 64 bytes failed: Запрос ReadProcessMemory или WriteProcessMemory был выполнен только частично. (0x12B)
[0418/182511.187:WARNING:pe_image_reader.cc(340)] could not read dos header from C:\WINDOWS\System32\KERNELBASE.dll
[0418/182511.187:ERROR:process_memory_win.cc(73)] ReadMemory at 0x7ffdcbe50000 of 64 bytes failed: Запрос ReadProcessMemory или WriteProcessMemory был выполнен только частично. (0x12B)
[0418/182511.187:WARNING:pe_image_reader.cc(340)] could not read dos header from C:\WINDOWS\SYSTEM32\apphelp.dll
[0418/182511.187:ERROR:process_memory_win.cc(73)] ReadMemory at 0x7ffdcfe20000 of 64 bytes failed: Запрос ReadProcessMemory или WriteProcessMemory был выполнен только частично. (0x12B)
[0418/182511.187:WARNING:pe_image_reader.cc(340)] could not read dos header from C:\WINDOWS\System32\SHELL32.dll
[0418/182511.187:ERROR:process_memory_win.cc(73)] ReadMemory at 0x27ebc670000 of 64 bytes failed: Запрос ReadProcessMemory или WriteProcessMemory был выполнен только частично. (0x12B)
[0418/182511.187:WARNING:pe_image_reader.cc(340)] could not read dos header from C:\WINDOWS\System32\msvcrt.dll
[0418/182511.187:ERROR:process_memory_win.cc(73)] ReadMemory at 0x7ffdcde90000 of 64 bytes failed: Запрос ReadProcessMemory или WriteProcessMemory был выполнен только частично. (0x12B)
[0418/182511.187:WARNING:pe_image_reader.cc(340)] could not read dos header from C:\WINDOWS\System32\cfgmgr32.dll
[0418/182511.187:ERROR:process_memory_win.cc(73)] ReadMemory at 0x7ffdce490000 of 64 bytes failed: Запрос ReadProcessMemory или WriteProcessMemory был выполнен только частично. (0x12B)
[0418/182511.187:WARNING:pe_image_reader.cc(340)] could not read dos header from C:\WINDOWS\System32\ucrtbase.dll
[0418/182511.187:ERROR:process_memory_win.cc(73)] ReadMemory at 0x7ffdcf890000 of 64 bytes failed: Запрос ReadProcessMemory или WriteProcessMemory был выполнен только частично. (0x12B)
[0418/182511.187:WARNING:pe_image_reader.cc(340)] could not read dos header from C:\WINDOWS\System32\shcore.dll
[0418/182511.187:ERROR:process_memory_win.cc(73)] ReadMemory at 0x7ffdcf9b0000 of 64 bytes failed: Запрос ReadProcessMemory или WriteProcessMemory был выполнен только частично. (0x12B)
[0418/182511.187:WARNING:pe_image_reader.cc(340)] could not read dos header from C:\WINDOWS\System32\RPCRT4.dll
[0418/182511.187:ERROR:process_memory_win.cc(73)] ReadMemory at 0x7ffdcf0e0000 of 64 bytes failed: Запрос ReadProcessMemory или WriteProcessMemory был выполнен только частично. (0x12B)
[0418/182511.187:WARNING:pe_image_reader.cc(340)] could not read dos header from C:\WINDOWS\System32\combase.dll
[0418/182511.187:ERROR:process_memory_win.cc(73)] ReadMemory at 0x7ffdce410000 of 64 bytes failed: Запрос ReadProcessMemory или WriteProcessMemory был выполнен только частично. (0x12B)
[0418/182511.187:WARNING:pe_image_reader.cc(340)] could not read dos header from C:\WINDOWS\System32\bcryptPrimitives.dll
[0418/182511.187:ERROR:process_memory_win.cc(73)] ReadMemory at 0x7ffdce840000 of 64 bytes failed: Запрос ReadProcessMemory или WriteProcessMemory был выполнен только частично. (0x12B)
[0418/182511.187:WARNING:pe_image_reader.cc(340)] could not read dos header from C:\WINDOWS\System32\windows.storage.dll
[0418/182511.187:ERROR:process_memory_win.cc(73)] ReadMemory at 0x7ffdcfb70000 of 64 bytes failed: Запрос ReadProcessMemory или WriteProcessMemory был выполнен только частично. (0x12B)
[0418/182511.187:WARNING:pe_image_reader.cc(340)] could not read dos header from C:\WINDOWS\System32\advapi32.dll
[0418/182511.187:ERROR:process_memory_win.cc(73)] ReadMemory at 0x7ffdcf950000 of 64 bytes failed: Запрос ReadProcessMemory или WriteProcessMemory был выполнен только частично. (0x12B)
[0418/182511.188:WARNING:pe_image_reader.cc(340)] could not read dos header from C:\WINDOWS\System32\sechost.dll
[0418/182511.188:ERROR:process_memory_win.cc(73)] ReadMemory at 0x7ffdcfdc0000 of 64 bytes failed: Запрос ReadProcessMemory или WriteProcessMemory был выполнен только частично. (0x12B)
[0418/182511.188:WARNING:pe_image_reader.cc(340)] could not read dos header from C:\WINDOWS\System32\shlwapi.dll
[0418/182511.188:ERROR:process_memory_win.cc(73)] ReadMemory at 0x7ffdd18a0000 of 64 bytes failed: Запрос ReadProcessMemory или WriteProcessMemory был выполнен только частично. (0x12B)
[0418/182511.188:WARNING:pe_image_reader.cc(340)] could not read dos header from C:\WINDOWS\System32\GDI32.dll
[0418/182511.188:ERROR:process_memory_win.cc(73)] ReadMemory at 0x7ffdce590000 of 64 bytes failed: Запрос ReadProcessMemory или WriteProcessMemory был выполнен только частично. (0x12B)
[0418/182511.188:WARNING:pe_image_reader.cc(340)] could not read dos header from C:\WINDOWS\System32\gdi32full.dll
[0418/182511.188:ERROR:process_memory_win.cc(73)] ReadMemory at 0x7ffdce350000 of 64 bytes failed: Запрос ReadProcessMemory или WriteProcessMemory был выполнен только частично. (0x12B)
[0418/182511.188:WARNING:pe_image_reader.cc(340)] could not read dos header from C:\WINDOWS\System32\msvcp_win.dll
[0418/182511.188:ERROR:process_memory_win.cc(73)] ReadMemory at 0x7ffdcef50000 of 64 bytes failed: Запрос ReadProcessMemory или WriteProcessMemory был выполнен только частично. (0x12B)
[0418/182511.188:WARNING:pe_image_reader.cc(340)] could not read dos header from C:\WINDOWS\System32\USER32.dll
[0418/182511.188:ERROR:process_memory_win.cc(73)] ReadMemory at 0x7ffdce3f0000 of 64 bytes failed: Запрос ReadProcessMemory или WriteProcessMemory был выполнен только частично. (0x12B)
[0418/182511.188:WARNING:pe_image_reader.cc(340)] could not read dos header from C:\WINDOWS\System32\win32u.dll
[0418/182511.188:ERROR:process_memory_win.cc(73)] ReadMemory at 0x7ffdcde50000 of 64 bytes failed: Запрос ReadProcessMemory или WriteProcessMemory был выполнен только частично. (0x12B)
[0418/182511.188:WARNING:pe_image_reader.cc(340)] could not read dos header from C:\WINDOWS\System32\kernel.appcore.dll
[0418/182511.188:ERROR:process_memory_win.cc(73)] ReadMemory at 0x7ffdcde70000 of 64 bytes failed: Запрос ReadProcessMemory или WriteProcessMemory был выполнен только частично. (0x12B)
[0418/182511.188:WARNING:pe_image_reader.cc(340)] could not read dos header from C:\WINDOWS\System32\profapi.dll
[0418/182511.188:ERROR:process_memory_win.cc(73)] ReadMemory at 0x7ffdcddd0000 of 64 bytes failed: Запрос ReadProcessMemory или WriteProcessMemory был выполнен только частично. (0x12B)
[0418/182511.188:WARNING:pe_image_reader.cc(340)] could not read dos header from C:\WINDOWS\System32\powrprof.dll
[0418/182511.188:ERROR:process_memory_win.cc(73)] ReadMemory at 0x7ffdcde20000 of 64 bytes failed: Запрос ReadProcessMemory или WriteProcessMemory был выполнен только частично. (0x12B)
[0418/182511.188:WARNING:pe_image_reader.cc(340)] could not read dos header from C:\WINDOWS\System32\FLTLIB.DLL
[0418/182511.188:ERROR:process_memory_win.cc(73)] ReadMemory at 0x7ffdaac10000 of 64 bytes failed: Запрос ReadProcessMemory или WriteProcessMemory был выполнен только частично. (0x12B)
[0418/182511.188:WARNING:pe_image_reader.cc(340)] could not read dos header from C:\Program Files (x86)\Google\Chrome\Application\73.0.3683.103\chrome_elf.dll
[0418/182511.188:ERROR:process_memory_win.cc(73)] ReadMemory at 0x7ffdbdf60000 of 64 bytes failed: Запрос ReadProcessMemory или WriteProcessMemory был выполнен только частично. (0x12B)
[0418/182511.460:WARNING:pe_image_reader.cc(340)] could not read dos header from C:\WINDOWS\SYSTEM32\VERSION.dll
[0418/182511.460:ERROR:process_memory_win.cc(73)] ReadMemory at 0x7ffdcbc40000 of 64 bytes failed: Запрос ReadProcessMemory или WriteProcessMemory был выполнен только частично. (0x12B)
[0418/182511.460:WARNING:pe_image_reader.cc(340)] could not read dos header from C:\WINDOWS\SYSTEM32\WINMM.dll
[0418/182511.460:ERROR:process_memory_win.cc(73)] ReadMemory at 0x7ffdcdcd0000 of 64 bytes failed: Запрос ReadProcessMemory или WriteProcessMemory был выполнен только частично. (0x12B)
[0418/182511.460:WARNING:pe_image_reader.cc(340)] could not read dos header from C:\WINDOWS\SYSTEM32\USERENV.dll
[0418/182511.460:ERROR:process_memory_win.cc(73)] ReadMemory at 0x7ffdcbc10000 of 64 bytes failed: Запрос ReadProcessMemory или WriteProcessMemory был выполнен только частично. (0x12B)
[0418/182511.460:WARNING:pe_image_reader.cc(340)] could not read dos header from C:\WINDOWS\SYSTEM32\WINMMBASE.dll
[0418/182511.460:ERROR:process_memory_win.cc(73)] ReadMemory at 0x7ffdcd7c0000 of 64 bytes failed: Запрос ReadProcessMemory или WriteProcessMemory был выполнен только частично. (0x12B)
[0418/182511.460:WARNING:pe_image_reader.cc(340)] could not read dos header from C:\WINDOWS\SYSTEM32\CRYPTBASE.DLL
[0418/182511.460:ERROR:process_memory_win.cc(73)] ReadMemory at 0x27ebc790000 of 64 bytes failed: Запрос ReadProcessMemory или WriteProcessMemory был выполнен только частично. (0x12B)
[0418/182511.460:WARNING:pe_image_reader.cc(340)] could not read dos header from C:\WINDOWS\System32\IMM32.DLL
[0418/182511.460:ERROR:process_memory_win.cc(73)] ReadMemory at 0x7ffd77cc0000 of 64 bytes failed: Запрос ReadProcessMemory или WriteProcessMemory был выполнен только частично. (0x12B)
[0418/182511.460:WARNING:pe_image_reader.cc(340)] could not read dos header from C:\Program Files (x86)\Google\Chrome\Application\73.0.3683.103\chrome_child.dll
[0418/182511.460:ERROR:process_memory_win.cc(73)] ReadMemory at 0x7ffdd1760000 of 64 bytes failed: Запрос ReadProcessMemory или WriteProcessMemory был выполнен только частично. (0x12B)
[0418/182511.460:WARNING:pe_image_reader.cc(340)] could not read dos header from C:\WINDOWS\System32\WS2_32.dll
[0418/182511.460:ERROR:process_memory_win.cc(73)] ReadMemory at 0x7ffdd1930000 of 64 bytes failed: Запрос ReadProcessMemory или WriteProcessMemory был выполнен только частично. (0x12B)
[0418/182511.460:WARNING:pe_image_reader.cc(340)] could not read dos header from C:\WINDOWS\System32\ole32.dll
[0418/182511.460:ERROR:process_memory_win.cc(73)] ReadMemory at 0x7ffdd17d0000 of 64 bytes failed: Запрос ReadProcessMemory или WriteProcessMemory был выполнен только частично. (0x12B)
[0418/182511.460:WARNING:pe_image_reader.cc(340)] could not read dos header from C:\WINDOWS\System32\OLEAUT32.dll
[0418/182511.460:ERROR:process_memory_win.cc(73)] ReadMemory at 0x7ffdce730000 of 64 bytes failed: Запрос ReadProcessMemory или WriteProcessMemory был выполнен только частично. (0x12B)
[0418/182511.460:WARNING:pe_image_reader.cc(340)] could not read dos header from C:\WINDOWS\System32\WINTRUST.dll
[0418/182511.461:ERROR:process_memory_win.cc(73)] ReadMemory at 0x7ffdcde30000 of 64 bytes failed: Запрос ReadProcessMemory или WriteProcessMemory был выполнен только частично. (0x12B)
[0418/182511.461:WARNING:pe_image_reader.cc(340)] could not read dos header from C:\WINDOWS\System32\MSASN1.dll
[0418/182511.461:ERROR:process_memory_win.cc(73)] ReadMemory at 0x7ffdce160000 of 64 bytes failed: Запрос ReadProcessMemory или WriteProcessMemory был выполнен только частично. (0x12B)
[0418/182511.461:WARNING:pe_image_reader.cc(340)] could not read dos header from C:\WINDOWS\System32\CRYPT32.dll
[0418/182511.461:ERROR:process_memory_win.cc(73)] ReadMemory at 0x7ffdd15e0000 of 64 bytes failed: Запрос ReadProcessMemory или WriteProcessMemory был выполнен только частично. (0x12B)
[0418/182511.461:WARNING:pe_image_reader.cc(340)] could not read dos header from C:\WINDOWS\System32\COMDLG32.dll
[0418/182511.461:ERROR:process_memory_win.cc(73)] ReadMemory at 0x7ffdcd370000 of 64 bytes failed: Запрос ReadProcessMemory или WriteProcessMemory был выполнен только частично. (0x12B)
[0418/182511.461:WARNING:pe_image_reader.cc(340)] could not read dos header from C:\WINDOWS\SYSTEM32\IPHLPAPI.DLL
[0418/182511.461:ERROR:process_memory_win.cc(73)] ReadMemory at 0x7ffdb5490000 of 64 bytes failed: Запрос ReadProcessMemory или WriteProcessMemory был выполнен только частично. (0x12B)
[0418/182511.461:WARNING:pe_image_reader.cc(340)] could not read dos header from C:\WINDOWS\SYSTEM32\OLEACC.dll
[0418/182511.461:ERROR:process_memory_win.cc(73)] ReadMemory at 0x7ffdb5090000 of 64 bytes failed: Запрос ReadProcessMemory или WriteProcessMemory был выполнен только частично. (0x12B)
[0418/182511.461:WARNING:pe_image_reader.cc(340)] could not read dos header from C:\WINDOWS\SYSTEM32\DWrite.dll
[0418/182511.461:ERROR:process_memory_win.cc(73)] ReadMemory at 0x7ffdccb90000 of 64 bytes failed: Запрос ReadProcessMemory или WriteProcessMemory был выполнен только частично. (0x12B)
[0418/182511.461:WARNING:pe_image_reader.cc(340)] could not read dos header from C:\WINDOWS\SYSTEM32\dxgi.dll
[0418/182511.461:ERROR:process_memory_win.cc(73)] ReadMemory at 0x7ffdc3a90000 of 64 bytes failed: Запрос ReadProcessMemory или WriteProcessMemory был выполнен только частично. (0x12B)
[0418/182511.461:WARNING:pe_image_reader.cc(340)] could not read dos header from C:\WINDOWS\SYSTEM32\WINSPOOL.DRV
[0418/182511.461:ERROR:process_memory_win.cc(73)] ReadMemory at 0x7ffdcc7e0000 of 64 bytes failed: Запрос ReadProcessMemory или WriteProcessMemory был выполнен только частично. (0x12B)
[0418/182511.461:WARNING:pe_image_reader.cc(340)] could not read dos header from C:\WINDOWS\SYSTEM32\dbghelp.dll
[0418/182511.461:ERROR:process_memory_win.cc(73)] ReadMemory at 0x7ffdc1ce0000 of 64 bytes failed: Запрос ReadProcessMemory или WriteProcessMemory был выполнен только частично. (0x12B)
[0418/182511.461:WARNING:pe_image_reader.cc(340)] could not read dos header from C:\WINDOWS\SYSTEM32\USP10.dll
[0418/182511.461:ERROR:process_memory_win.cc(73)] ReadMemory at 0x7ffdc0030000 of 64 bytes failed: Запрос ReadProcessMemory или WriteProcessMemory был выполнен только частично. (0x12B)
[0418/182511.461:WARNING:pe_image_reader.cc(340)] could not read dos header from C:\WINDOWS\WinSxS\amd64_microsoft.windows.common-controls_6595b64144ccf1df_6.0.17134.706_none_fb43a2cb30647007\COMCTL32.dll
[0418/182511.461:ERROR:process_memory_win.cc(73)] ReadMemory at 0x7ffdc4e40000 of 64 bytes failed: Запрос ReadProcessMemory или WriteProcessMemory был выполнен только частично. (0x12B)
[0418/182511.461:WARNING:pe_image_reader.cc(340)] could not read dos header from C:\WINDOWS\SYSTEM32\WINHTTP.dll
[0418/182511.461:ERROR:process_memory_win.cc(73)] ReadMemory at 0x7ffdc0800000 of 64 bytes failed: Запрос ReadProcessMemory или WriteProcessMemory был выполнен только частично. (0x12B)
[0418/182511.461:WARNING:pe_image_reader.cc(340)] could not read dos header from C:\WINDOWS\SYSTEM32\urlmon.dll
[0418/182511.461:ERROR:process_memory_win.cc(73)] ReadMemory at 0x7ffdbe710000 of 64 bytes failed: Запрос ReadProcessMemory или WriteProcessMemory был выполнен только частично. (0x12B)
[0418/182511.461:WARNING:pe_image_reader.cc(340)] could not read dos header from C:\WINDOWS\SYSTEM32\Secur32.dll
[0418/182511.461:ERROR:process_memory_win.cc(73)] ReadMemory at 0x7ffdc2a80000 of 64 bytes failed: Запрос ReadProcessMemory или WriteProcessMemory был выполнен только частично. (0x12B)
[0418/182511.461:WARNING:pe_image_reader.cc(340)] could not read dos header from C:\WINDOWS\SYSTEM32\dhcpcsvc.DLL
[0418/182511.461:ERROR:process_memory_win.cc(73)] ReadMemory at 0x7ffdcfae0000 of 64 bytes failed: Запрос ReadProcessMemory или WriteProcessMemory был выполнен только частично. (0x12B)
[0418/182511.461:WARNING:pe_image_reader.cc(340)] could not read dos header from C:\WINDOWS\System32\NSI.dll
[0418/182511.461:ERROR:process_memory_win.cc(73)] ReadMemory at 0x7ffdca1f0000 of 64 bytes failed: Запрос ReadProcessMemory или WriteProcessMemory был выполнен только частично. (0x12B)
[0418/182511.461:WARNING:pe_image_reader.cc(340)] could not read dos header from C:\WINDOWS\SYSTEM32\PROPSYS.dll
[0418/182511.461:ERROR:process_memory_win.cc(73)] ReadMemory at 0x7ffdcd8d0000 of 64 bytes failed: Запрос ReadProcessMemory или WriteProcessMemory был выполнен только частично. (0x12B)
[0418/182511.461:WARNING:pe_image_reader.cc(340)] could not read dos header from C:\WINDOWS\SYSTEM32\bcrypt.dll
[0418/182511.462:ERROR:process_memory_win.cc(73)] ReadMemory at 0x7ffdc0e90000 of 64 bytes failed: Запрос ReadProcessMemory или WriteProcessMemory был выполнен только частично. (0x12B)
[0418/182511.462:WARNING:pe_image_reader.cc(340)] could not read dos header from C:\WINDOWS\SYSTEM32\iertutil.dll
[0418/182511.462:ERROR:process_memory_win.cc(73)] ReadMemory at 0x7ffdcdd00000 of 64 bytes failed: Запрос ReadProcessMemory или WriteProcessMemory был выполнен только частично. (0x12B)
[0418/182511.462:WARNING:pe_image_reader.cc(340)] could not read dos header from C:\WINDOWS\SYSTEM32\SSPICLI.DLL
[0418/182511.979:ERROR:process_memory_win.cc(73)] ReadMemory at 0xd13f3f3000 of 53248 bytes failed: Запрос ReadProcessMemory или WriteProcessMemory был выполнен только частично. (0x12B)
[0418/182512.321:ERROR:process_memory_win.cc(73)] ReadMemory at 0xd13f5fe000 of 8192 bytes failed: Запрос ReadProcessMemory или WriteProcessMemory был выполнен только частично. (0x12B)
[0418/182512.321:ERROR:process_memory_win.cc(73)] ReadMemory at 0xd13f7fc000 of 16384 bytes failed: Запрос ReadProcessMemory или WriteProcessMemory был выполнен только частично. (0x12B)
[0418/182512.321:ERROR:process_memory_win.cc(73)] ReadMemory at 0xd13f9f6000 of 40960 bytes failed: Запрос ReadProcessMemory или WriteProcessMemory был выполнен только частично. (0x12B)
[0418/182512.321:ERROR:process_memory_win.cc(73)] ReadMemory at 0xd13fbfd000 of 12288 bytes failed: Запрос ReadProcessMemory или WriteProcessMemory был выполнен только частично. (0x12B)
[0418/182512.321:ERROR:process_memory_win.cc(73)] ReadMemory at 0xd13fdfe000 of 8192 bytes failed: Запрос ReadProcessMemory или WriteProcessMemory был выполнен только частично. (0x12B)
[0418/182512.321:ERROR:process_memory_win.cc(73)] ReadMemory at 0xd13fffd000 of 12288 bytes failed: Запрос ReadProcessMemory или WriteProcessMemory был выполнен только частично. (0x12B)
[0418/182512.321:ERROR:process_memory_win.cc(73)] ReadMemory at 0xd1401fe000 of 8192 bytes failed: Запрос ReadProcessMemory или WriteProcessMemory был выполнен только частично. (0x12B)
[0418/182512.321:ERROR:process_memory_win.cc(73)] ReadMemory at 0xd1403fe000 of 8192 bytes failed: Запрос ReadProcessMemory или WriteProcessMemory был выполнен только частично. (0x12B)
[0418/182512.321:ERROR:process_memory_win.cc(73)] ReadMemory at 0xd1405fd000 of 12288 bytes failed: Запрос ReadProcessMemory или WriteProcessMemory был выполнен только частично. (0x12B)
[0418/182512.321:ERROR:process_memory_win.cc(73)] ReadMemory at 0xd1407fe000 of 8192 bytes failed: Запрос ReadProcessMemory или WriteProcessMemory был выполнен только частично. (0x12B)
[0418/182512.321:ERROR:process_memory_win.cc(73)] ReadMemory at 0xd1409fe000 of 8192 bytes failed: Запрос ReadProcessMemory или WriteProcessMemory был выполнен только частично. (0x12B)
[0418/182512.321:ERROR:process_memory_win.cc(73)] ReadMemory at 0xd140bfe000 of 8192 bytes failed: Запрос ReadProcessMemory или WriteProcessMemory был выполнен только частично. (0x12B)
[0418/182512.321:ERROR:process_memory_win.cc(73)] ReadMemory at 0xd140dfc000 of 16384 bytes failed: Запрос ReadProcessMemory или WriteProcessMemory был выполнен только частично. (0x12B)
[0418/182512.321:ERROR:process_memory_win.cc(73)] ReadMemory at 0xd140ffc000 of 16384 bytes failed: Запрос ReadProcessMemory или WriteProcessMemory был выполнен только частично. (0x12B)
[0418/182512.321:ERROR:process_memory_win.cc(73)] ReadMemory at 0xd13f00f000 of 852 bytes failed: Запрос ReadProcessMemory или WriteProcessMemory был выполнен только частично. (0x12B)
[0418/182512.321:ERROR:process_memory_win.cc(73)] ReadMemory at 0xd13f010000 of 6024 bytes failed: Запрос ReadProcessMemory или WriteProcessMemory был выполнен только частично. (0x12B)
[0418/182512.321:ERROR:process_memory_win.cc(73)] ReadMemory at 0xd13f012000 of 6024 bytes failed: Запрос ReadProcessMemory или WriteProcessMemory был выполнен только частично. (0x12B)
[0418/182512.321:ERROR:process_memory_win.cc(73)] ReadMemory at 0xd13f014000 of 6024 bytes failed: Запрос ReadProcessMemory или WriteProcessMemory был выполнен только частично. (0x12B)
[0418/182512.322:ERROR:process_memory_win.cc(73)] ReadMemory at 0xd13f016000 of 6024 bytes failed: Запрос ReadProcessMemory или WriteProcessMemory был выполнен только частично. (0x12B)
[0418/182512.322:ERROR:process_memory_win.cc(73)] ReadMemory at 0xd13f018000 of 6024 bytes failed: Запрос ReadProcessMemory или WriteProcessMemory был выполнен только частично. (0x12B)
[0418/182512.322:ERROR:process_memory_win.cc(73)] ReadMemory at 0xd13f01a000 of 6024 bytes failed: Запрос ReadProcessMemory или WriteProcessMemory был выполнен только частично. (0x12B)
[0418/182512.322:ERROR:process_memory_win.cc(73)] ReadMemory at 0xd13f01c000 of 6024 bytes failed: Запрос ReadProcessMemory или WriteProcessMemory был выполнен только частично. (0x12B)
[0418/182512.322:ERROR:process_memory_win.cc(73)] ReadMemory at 0xd13f01e000 of 6024 bytes failed: Запрос ReadProcessMemory или WriteProcessMemory был выполнен только частично. (0x12B)
[0418/182512.322:ERROR:process_memory_win.cc(73)] ReadMemory at 0xd13f020000 of 6024 bytes failed: Запрос ReadProcessMemory или WriteProcessMemory был выполнен только частично. (0x12B)
[0418/182512.322:ERROR:process_memory_win.cc(73)] ReadMemory at 0xd13f022000 of 6024 bytes failed: Запрос ReadProcessMemory или WriteProcessMemory был выполнен только частично. (0x12B)
[0418/182512.322:ERROR:process_memory_win.cc(73)] ReadMemory at 0xd13f024000 of 6024 bytes failed: Запрос ReadProcessMemory или WriteProcessMemory был выполнен только частично. (0x12B)
[0418/182512.322:ERROR:process_memory_win.cc(73)] ReadMemory at 0xd13f026000 of 6024 bytes failed: Запрос ReadProcessMemory или WriteProcessMemory был выполнен только частично. (0x12B)
[0418/182512.322:ERROR:process_memory_win.cc(73)] ReadMemory at 0xd13f028000 of 6024 bytes failed: Запрос ReadProcessMemory или WriteProcessMemory был выполнен только частично. (0x12B)
[0418/182512.322:ERROR:process_memory_win.cc(73)] ReadMemory at 0xd13f02a000 of 6024 bytes failed: Запрос ReadProcessMemory или WriteProcessMemory был выполнен только частично. (0x12B)
[0418/182512.322:ERROR:process_memory_win.cc(73)] ReadMemory at 0xd13f02c000 of 6024 bytes failed: Запрос ReadProcessMemory или WriteProcessMemory был выполнен только частично. (0x12B)
[0418/182512.323:ERROR:process_memory_win.cc(73)] ReadMemory at 0x27ebc470fc0 of 14550 bytes failed: Запрос ReadProcessMemory или WriteProcessMemory был выполнен только частично. (0x12B)
[0418/182512.323:ERROR:process_memory_win.cc(73)] ReadMemory at 0x27ebc4748a0 of 1012 bytes failed: Запрос ReadProcessMemory или WriteProcessMemory был выполнен только частично. (0x12B)
[0418/182512.323:ERROR:process_memory_win.cc(73)] ReadMemory at 0x27ebc474eb8 of 106 bytes failed: Запрос ReadProcessMemory или WriteProcessMemory был выполнен только частично. (0x12B)
[0418/182512.323:ERROR:process_memory_win.cc(73)] ReadMemory at 0x27ebc474f24 of 118 bytes failed: Запрос ReadProcessMemory или WriteProcessMemory был выполнен только частично. (0x12B)
[0418/182512.323:ERROR:process_memory_win.cc(73)] ReadMemory at 0x27ebc474f9c of 1172 bytes failed: Запрос ReadProcessMemory или WriteProcessMemory был выполнен только частично. (0x12B)
[0418/182512.323:ERROR:process_memory_win.cc(73)] ReadMemory at 0x27ebc475432 of 118 bytes failed: Запрос ReadProcessMemory или WriteProcessMemory был выполнен только частично. (0x12B)
[0418/182512.323:ERROR:process_memory_win.cc(73)] ReadMemory at 0x27ebc4754aa of 100 bytes failed: Запрос ReadProcessMemory или WriteProcessMemory был выполнен только частично. (0x12B)
[0418/182512.323:ERROR:process_memory_win.cc(73)] ReadMemory at 0x27ebc475520 of 58 bytes failed: Запрос ReadProcessMemory или WriteProcessMemory был выполнен только частично. (0x12B)
[0418/182512.323:ERROR:process_memory_win.cc(73)] ReadMemory at 0x27ebc4756a0 of 132 bytes failed: Запрос ReadProcessMemory или WriteProcessMemory был выполнен только частично. (0x12B)
[0418/182512.323:ERROR:process_memory_win.cc(73)] ReadMemory at 0x27ebc475830 of 132 bytes failed: Запрос ReadProcessMemory или WriteProcessMemory был выполнен только частично. (0x12B)
[0418/182512.323:ERROR:process_memory_win.cc(73)] ReadMemory at 0x27ebc4759f0 of 126 bytes failed: Запрос ReadProcessMemory или WriteProcessMemory был выполнен только частично. (0x12B)
[0418/182512.323:ERROR:process_memory_win.cc(73)] ReadMemory at 0x27ebc475dd0 of 132 bytes failed: Запрос ReadProcessMemory или WriteProcessMemory был выполнен только частично. (0x12B)
[0418/182512.323:ERROR:process_memory_win.cc(73)] ReadMemory at 0x27ebc475f60 of 64 bytes failed: Запрос ReadProcessMemory или WriteProcessMemory был выполнен только частично. (0x12B)
[0418/182512.323:ERROR:process_memory_win.cc(73)] ReadMemory at 0x27ebc4760c0 of 132 bytes failed: Запрос ReadProcessMemory или WriteProcessMemory был выполнен только частично. (0x12B)
[0418/182512.323:ERROR:process_memory_win.cc(73)] ReadMemory at 0x27ebc4762c0 of 62 bytes failed: Запрос ReadProcessMemory или WriteProcessMemory был выполнен только частично. (0x12B)
[0418/182512.323:ERROR:process_memory_win.cc(73)] ReadMemory at 0x27ebc4763b0 of 132 bytes failed: Запрос ReadProcessMemory или WriteProcessMemory был выполнен только частично. (0x12B)
[0418/182512.323:ERROR:process_memory_win.cc(73)] ReadMemory at 0x27ebc476540 of 68 bytes failed: Запрос ReadProcessMemory или WriteProcessMemory был выполнен только частично. (0x12B)
[0418/182512.323:ERROR:process_memory_win.cc(73)] ReadMemory at 0x27ebc47c9f0 of 132 bytes failed: Запрос ReadProcessMemory или WriteProcessMemory был выполнен только частично. (0x12B)
[0418/182512.324:ERROR:process_memory_win.cc(73)] ReadMemory at 0x27ebc47cc30 of 132 bytes failed: Запрос ReadProcessMemory или WriteProcessMemory был выполнен только частично. (0x12B)
[0418/182512.495:ERROR:process_memory_win.cc(73)] ReadMemory at 0x27ebc47cdc0 of 62 bytes failed: Запрос ReadProcessMemory или WriteProcessMemory был выполнен только частично. (0x12B)
[0418/182512.495:ERROR:process_memory_win.cc(73)] ReadMemory at 0x27ebc47e540 of 132 bytes failed: Запрос ReadProcessMemory или WriteProcessMemory был выполнен только частично. (0x12B)
[0418/182512.495:ERROR:process_memory_win.cc(73)] ReadMemory at 0x27ebc47e6d0 of 60 bytes failed: Запрос ReadProcessMemory или WriteProcessMemory был выполнен только частично. (0x12B)
[0418/182512.495:ERROR:process_memory_win.cc(73)] ReadMemory at 0x27ebc47e720 of 158 bytes failed: Запрос ReadProcessMemory или WriteProcessMemory был выполнен только частично. (0x12B)
[0418/182512.495:ERROR:process_memory_win.cc(73)] ReadMemory at 0x27ebc47e920 of 132 bytes failed: Запрос ReadProcessMemory или WriteProcessMemory был выполнен только частично. (0x12B)
[0418/182512.495:ERROR:process_memory_win.cc(73)] ReadMemory at 0x27ebc47eab0 of 64 bytes failed: Запрос ReadProcessMemory или WriteProcessMemory был выполнен только частично. (0x12B)
[0418/182512.495:ERROR:process_memory_win.cc(73)] ReadMemory at 0x27ebc47ed30 of 132 bytes failed: Запрос ReadProcessMemory или WriteProcessMemory был выполнен только частично. (0x12B)
[0418/182512.495:ERROR:process_memory_win.cc(73)] ReadMemory at 0x27ebc47eec0 of 64 bytes failed: Запрос ReadProcessMemory или WriteProcessMemory был выполнен только частично. (0x12B)
[0418/182512.770:ERROR:process_memory_win.cc(73)] ReadMemory at 0x27ebc47f120 of 132 bytes failed: Запрос ReadProcessMemory или WriteProcessMemory был выполнен только частично. (0x12B)
[0418/182512.770:ERROR:process_memory_win.cc(73)] ReadMemory at 0x27ebc47f2b0 of 60 bytes failed: Запрос ReadProcessMemory или WriteProcessMemory был выполнен только частично. (0x12B)
[0418/182512.899:ERROR:process_memory_win.cc(73)] ReadMemory at 0x27ebc47f5d0 of 132 bytes failed: Запрос ReadProcessMemory или WriteProcessMemory был выполнен только частично. (0x12B)
[0418/182512.899:ERROR:process_memory_win.cc(73)] ReadMemory at 0x27ebc47f760 of 60 bytes failed: Запрос ReadProcessMemory или WriteProcessMemory был выполнен только частично. (0x12B)
[0418/182512.899:ERROR:process_memory_win.cc(73)] ReadMemory at 0x27ebc47f9a0 of 132 bytes failed: Запрос ReadProcessMemory или WriteProcessMemory был выполнен только частично. (0x12B)
[0418/182512.899:ERROR:process_memory_win.cc(73)] ReadMemory at 0x27ebc47fb30 of 62 bytes failed: Запрос ReadProcessMemory или WriteProcessMemory был выполнен только частично. (0x12B)
[0418/182512.899:ERROR:process_memory_win.cc(73)] ReadMemory at 0x27ebc480680 of 132 bytes failed: Запрос ReadProcessMemory или WriteProcessMemory был выполнен только частично. (0x12B)
[0418/182512.899:ERROR:process_memory_win.cc(73)] ReadMemory at 0x27ebc480aa0 of 78 bytes failed: Запрос ReadProcessMemory или WriteProcessMemory был выполнен только частично. (0x12B)
[0418/182512.899:ERROR:process_memory_win.cc(73)] ReadMemory at 0x27ebc480c80 of 80 bytes failed: Запрос ReadProcessMemory или WriteProcessMemory был выполнен только частично. (0x12B)
[0418/182512.899:ERROR:process_memory_win.cc(73)] ReadMemory at 0x27ebc480ec0 of 76 bytes failed: Запрос ReadProcessMemory или WriteProcessMemory был выполнен только частично. (0x12B)
[0418/182512.900:ERROR:process_memory_win.cc(73)] ReadMemory at 0x27ebc4811b0 of 132 bytes failed: Запрос ReadProcessMemory или WriteProcessMemory был выполнен только частично. (0x12B)
[0418/182512.900:ERROR:process_memory_win.cc(73)] ReadMemory at 0x27ebc481690 of 132 bytes failed: Запрос ReadProcessMemory или WriteProcessMemory был выполнен только частично. (0x12B)
[0418/182512.900:ERROR:process_memory_win.cc(73)] ReadMemory at 0x27ebc481860 of 66 bytes failed: Запрос ReadProcessMemory или WriteProcessMemory был выполнен только частично. (0x12B)
[0418/182512.900:ERROR:process_memory_win.cc(73)] ReadMemory at 0x27ebc4818b0 of 62 bytes failed: Запрос ReadProcessMemory или WriteProcessMemory был выполнен только частично. (0x12B)
[0418/182512.900:ERROR:process_memory_win.cc(73)] ReadMemory at 0x27ebc481900 of 66 bytes failed: Запрос ReadProcessMemory или WriteProcessMemory был выполнен только частично. (0x12B)
[0418/182512.900:ERROR:process_memory_win.cc(73)] ReadMemory at 0x27ebc4819a0 of 60 bytes failed: Запрос ReadProcessMemory или WriteProcessMemory был выполнен только частично. (0x12B)
[0418/182512.900:ERROR:process_memory_win.cc(73)] ReadMemory at 0x27ebc4819f0 of 62 bytes failed: Запрос ReadProcessMemory или WriteProcessMemory был выполнен только частично. (0x12B)
[0418/182512.900:ERROR:process_memory_win.cc(73)] ReadMemory at 0x27ebc481a40 of 58 bytes failed: Запрос ReadProcessMemory или WriteProcessMemory был выполнен только частично. (0x12B)
[0418/182512.900:ERROR:process_memory_win.cc(73)] ReadMemory at 0x27ebc481b30 of 62 bytes failed: Запрос ReadProcessMemory или WriteProcessMemory был выполнен только частично. (0x12B)
[0418/182512.900:ERROR:process_memory_win.cc(73)] ReadMemory at 0x27ebc481c70 of 64 bytes failed: Запрос ReadProcessMemory или WriteProcessMemory был выполнен только частично. (0x12B)
[0418/182512.900:ERROR:process_memory_win.cc(73)] ReadMemory at 0x27ebc481cc0 of 62 bytes failed: Запрос ReadProcessMemory или WriteProcessMemory был выполнен только частично. (0x12B)
[0418/182512.900:ERROR:process_memory_win.cc(73)] ReadMemory at 0x27ebc481d10 of 60 bytes failed: Запрос ReadProcessMemory или WriteProcessMemory был выполнен только частично. (0x12B)
[0418/182512.900:ERROR:process_memory_win.cc(73)] ReadMemory at 0x27ebc481d60 of 64 bytes failed: Запрос ReadProcessMemory или WriteProcessMemory был выполнен только частично. (0x12B)
[0418/182512.900:ERROR:process_memory_win.cc(73)] ReadMemory at 0x27ebc481e00 of 60 bytes failed: Запрос ReadProcessMemory или WriteProcessMemory был выполнен только частично. (0x12B)
[0418/182513.021:ERROR:process_memory_win.cc(73)] ReadMemory at 0x27ebc4830f0 of 132 bytes failed: Запрос ReadProcessMemory или WriteProcessMemory был выполнен только частично. (0x12B)
[0418/182513.059:ERROR:process_memory_win.cc(73)] ReadMemory at 0x27ebc483340 of 132 bytes failed: Запрос ReadProcessMemory или WriteProcessMemory был выполнен только частично. (0x12B)
[0418/182513.060:ERROR:process_memory_win.cc(73)] ReadMemory at 0x27ebc483470 of 132 bytes failed: Запрос ReadProcessMemory или WriteProcessMemory был выполнен только частично. (0x12B)
[0418/182513.163:ERROR:process_memory_win.cc(73)] ReadMemory at 0x27ebc4835a0 of 132 bytes failed: Запрос ReadProcessMemory или WriteProcessMemory был выполнен только частично. (0x12B)
[0418/182513.163:ERROR:process_memory_win.cc(73)] ReadMemory at 0x27ebc4836d0 of 132 bytes failed: Запрос ReadProcessMemory или WriteProcessMemory был выполнен только частично. (0x12B)
[0418/182513.163:ERROR:process_memory_win.cc(73)] ReadMemory at 0x27ebc483800 of 132 bytes failed: Запрос ReadProcessMemory или WriteProcessMemory был выполнен только частично. (0x12B)
[0418/182513.163:ERROR:process_memory_win.cc(73)] ReadMemory at 0x27ebc483930 of 132 bytes failed: Запрос ReadProcessMemory или WriteProcessMemory был выполнен только частично. (0x12B)
[0418/182513.163:ERROR:process_memory_win.cc(73)] ReadMemory at 0x27ebc483a60 of 132 bytes failed: Запрос ReadProcessMemory или WriteProcessMemory был выполнен только частично. (0x12B)
[0418/182513.163:ERROR:process_memory_win.cc(73)] ReadMemory at 0x27ebc483b90 of 132 bytes failed: Запрос ReadProcessMemory или WriteProcessMemory был выполнен только частично. (0x12B)
[0418/182513.163:ERROR:process_memory_win.cc(73)] ReadMemory at 0x27ebc483cc0 of 132 bytes failed: Запрос ReadProcessMemory или WriteProcessMemory был выполнен только частично. (0x12B)
[0418/182513.163:ERROR:process_memory_win.cc(73)] ReadMemory at 0x27ebc483df0 of 132 bytes failed: Запрос ReadProcessMemory или WriteProcessMemory был выполнен только частично. (0x12B)
[0418/182513.163:ERROR:process_memory_win.cc(73)] ReadMemory at 0x27ebc483f20 of 132 bytes failed: Запрос ReadProcessMemory или WriteProcessMemory был выполнен только частично. (0x12B)
[0418/182513.199:ERROR:process_memory_win.cc(73)] ReadMemory at 0x27ebc484050 of 132 bytes failed: Запрос ReadProcessMemory или WriteProcessMemory был выполнен только частично. (0x12B)
[0418/182513.228:ERROR:process_memory_win.cc(73)] ReadMemory at 0x27ebc484180 of 132 bytes failed: Запрос ReadProcessMemory или WriteProcessMemory был выполнен только частично. (0x12B)
[0418/182513.351:ERROR:process_memory_win.cc(73)] ReadMemory at 0x27ebc484300 of 246 bytes failed: Запрос ReadProcessMemory или WriteProcessMemory был выполнен только частично. (0x12B)
[0418/182513.351:ERROR:process_memory_win.cc(73)] ReadMemory at 0x27ebc485c60 of 154 bytes failed: Запрос ReadProcessMemory или WriteProcessMemory был выполнен только частично. (0x12B)
[0418/182513.351:ERROR:process_memory_win.cc(73)] ReadMemory at 0x27ebc4876a0 of 132 bytes failed: Запрос ReadProcessMemory или WriteProcessMemory был выполнен только частично. (0x12B)
[0418/182513.351:ERROR:process_memory_win.cc(73)] ReadMemory at 0x27ebc4877d0 of 132 bytes failed: Запрос ReadProcessMemory или WriteProcessMemory был выполнен только частично. (0x12B)
[0418/182513.351:ERROR:process_memory_win.cc(73)] ReadMemory at 0x27ebc487900 of 132 bytes failed: Запрос ReadProcessMemory или WriteProcessMemory был выполнен только частично. (0x12B)
[0418/182513.351:ERROR:process_memory_win.cc(73)] ReadMemory at 0x27ebc487a30 of 132 bytes failed: Запрос ReadProcessMemory или WriteProcessMemory был выполнен только частично. (0x12B)
[0418/182513.351:ERROR:process_memory_win.cc(73)] ReadMemory at 0x27ebc487b60 of 132 bytes failed: Запрос ReadProcessMemory или WriteProcessMemory был выполнен только частично. (0x12B)
[0418/182513.351:ERROR:process_memory_win.cc(73)] ReadMemory at 0x27ebc487c90 of 132 bytes failed: Запрос ReadProcessMemory или WriteProcessMemory был выполнен только частично. (0x12B)
[0418/182513.351:ERROR:process_memory_win.cc(73)] ReadMemory at 0x27ebc487dc0 of 132 bytes failed: Запрос ReadProcessMemory или WriteProcessMemory был выполнен только частично. (0x12B)
[0418/182513.351:ERROR:process_memory_win.cc(73)] ReadMemory at 0x27ebc487ef0 of 132 bytes failed: Запрос ReadProcessMemory или WriteProcessMemory был выполнен только частично. (0x12B)
[0418/182513.351:ERROR:process_memory_win.cc(73)] ReadMemory at 0x27ebc488020 of 132 bytes failed: Запрос ReadProcessMemory или WriteProcessMemory был выполнен только частично. (0x12B)
[0418/182513.352:ERROR:process_memory_win.cc(73)] ReadMemory at 0x27ebc488280 of 132 bytes failed: Запрос ReadProcessMemory или WriteProcessMemory был выполнен только частично. (0x12B)
[0418/182513.352:ERROR:process_memory_win.cc(73)] ReadMemory at 0x27ebc4883b0 of 132 bytes failed: Запрос ReadProcessMemory или WriteProcessMemory был выполнен только частично. (0x12B)
[0418/182513.442:ERROR:process_memory_win.cc(73)] ReadMemory at 0x27ebc4884e0 of 132 bytes failed: Запрос ReadProcessMemory или WriteProcessMemory был выполнен только частично. (0x12B)
[0418/182513.442:ERROR:process_memory_win.cc(73)] ReadMemory at 0x27ebc488610 of 132 bytes failed: Запрос ReadProcessMemory или WriteProcessMemory был выполнен только частично. (0x12B)
[0418/182513.442:ERROR:process_memory_win.cc(73)] ReadMemory at 0x27ebc488740 of 132 bytes failed: Запрос ReadProcessMemory или WriteProcessMemory был выполнен только частично. (0x12B)
[0418/182513.442:ERROR:process_memory_win.cc(73)] ReadMemory at 0x27ebc488870 of 132 bytes failed: Запрос ReadProcessMemory или WriteProcessMemory был выполнен только частично. (0x12B)
[0418/182513.442:ERROR:process_memory_win.cc(73)] ReadMemory at 0x27ebc4889a0 of 132 bytes failed: Запрос ReadProcessMemory или WriteProcessMemory был выполнен только частично. (0x12B)
[0418/182513.442:ERROR:process_memory_win.cc(73)] ReadMemory at 0x27ebc488ad0 of 132 bytes failed: Запрос ReadProcessMemory или WriteProcessMemory был выполнен только частично. (0x12B)
[0418/182513.442:ERROR:process_memory_win.cc(73)] ReadMemory at 0x27ebc488c00 of 132 bytes failed: Запрос ReadProcessMemory или WriteProcessMemory был выполнен только частично. (0x12B)
[0418/182513.442:ERROR:process_memory_win.cc(73)] ReadMemory at 0x27ebc488d30 of 132 bytes failed: Запрос ReadProcessMemory или WriteProcessMemory был выполнен только частично. (0x12B)
[0418/182513.442:ERROR:process_memory_win.cc(73)] ReadMemory at 0x27ebc488e60 of 132 bytes failed: Запрос ReadProcessMemory или WriteProcessMemory был выполнен только частично. (0x12B)
[0418/182513.442:ERROR:process_memory_win.cc(73)] ReadMemory at 0x27ebc488f90 of 132 bytes failed: Запрос ReadProcessMemory или WriteProcessMemory был выполнен только частично. (0x12B)
[0418/182513.442:ERROR:process_memory_win.cc(73)] ReadMemory at 0x27ebc4890c0 of 132 bytes failed: Запрос ReadProcessMemory или WriteProcessMemory был выполнен только частично. (0x12B)
[0418/182513.442:ERROR:process_memory_win.cc(73)] ReadMemory at 0x27ebc4891f0 of 132 bytes failed: Запрос ReadProcessMemory или WriteProcessMemory был выполнен только частично. (0x12B)
[0418/182513.443:ERROR:process_memory_win.cc(73)] ReadMemory at 0x27ebc489320 of 132 bytes failed: Запрос ReadProcessMemory или WriteProcessMemory был выполнен только частично. (0x12B)
[0418/182513.443:ERROR:process_memory_win.cc(73)] ReadMemory at 0x27ebc48a460 of 60 bytes failed: Запрос ReadProcessMemory или WriteProcessMemory был выполнен только частично. (0x12B)
[0418/182513.443:ERROR:process_memory_win.cc(73)] ReadMemory at 0x27ebc48a550 of 66 bytes failed: Запрос ReadProcessMemory или WriteProcessMemory был выполнен только частично. (0x12B)
[0418/182513.443:ERROR:process_memory_win.cc(73)] ReadMemory at 0x27ebc48a780 of 62 bytes failed: Запрос ReadProcessMemory или WriteProcessMemory был выполнен только частично. (0x12B)
[0418/182513.471:ERROR:process_memory_win.cc(73)] ReadMemory at 0x27ebc48aaf0 of 58 bytes failed: Запрос ReadProcessMemory или WriteProcessMemory был выполнен только частично. (0x12B)
[0418/182513.471:ERROR:process_memory_win.cc(73)] ReadMemory at 0x27ebc48ae10 of 58 bytes failed: Запрос ReadProcessMemory или WriteProcessMemory был выполнен только частично. (0x12B)
[0418/182513.471:ERROR:process_memory_win.cc(73)] ReadMemory at 0x27ebc48aff0 of 66 bytes failed: Запрос ReadProcessMemory или WriteProcessMemory был выполнен только частично. (0x12B)
[0418/182513.471:ERROR:process_memory_win.cc(73)] ReadMemory at 0x27ebc48f390 of 54 bytes failed: Запрос ReadProcessMemory или WriteProcessMemory был выполнен только частично. (0x12B)
[0418/182513.471:ERROR:process_memory_win.cc(73)] ReadMemory at 0x27ebc49a760 of 60 bytes failed: Запрос ReadProcessMemory или WriteProcessMemory был выполнен только частично. (0x12B)
[0418/182513.471:ERROR:process_memory_win.cc(73)] ReadMemory at 0x27ebc49a940 of 62 bytes failed: Запрос ReadProcessMemory или WriteProcessMemory был выполнен только частично. (0x12B)
[0418/182513.471:ERROR:process_memory_win.cc(73)] ReadMemory at 0x27ebc49aa30 of 60 bytes failed: Запрос ReadProcessMemory или WriteProcessMemory был выполнен только частично. (0x12B)
[0418/182513.471:ERROR:process_memory_win.cc(73)] ReadMemory at 0x27ebc49aad0 of 60 bytes failed: Запрос ReadProcessMemory или WriteProcessMemory был выполнен только частично. (0x12B)
[0418/182513.471:ERROR:process_memory_win.cc(73)] ReadMemory at 0x27ebc49ab20 of 58 bytes failed: Запрос ReadProcessMemory или WriteProcessMemory был выполнен только частично. (0x12B)
[0418/182513.472:ERROR:process_memory_win.cc(73)] ReadMemory at 0x27ebc49ab70 of 64 bytes failed: Запрос ReadProcessMemory или WriteProcessMemory был выполнен только частично. (0x12B)
[0418/182513.472:ERROR:process_memory_win.cc(73)] ReadMemory at 0x27ebc49abc0 of 64 bytes failed: Запрос ReadProcessMemory или WriteProcessMemory был выполнен только частично. (0x12B)
[0418/182513.472:ERROR:process_memory_win.cc(73)] ReadMemory at 0x27ebc49acb0 of 60 bytes failed: Запрос ReadProcessMemory или WriteProcessMemory был выполнен только частично. (0x12B)
[0418/182513.472:ERROR:process_memory_win.cc(73)] ReadMemory at 0x27ebc49ad00 of 62 bytes failed: Запрос ReadProcessMemory или WriteProcessMemory был выполнен только частично. (0x12B)
[0418/182513.472:ERROR:process_memory_win.cc(73)] ReadMemory at 0x27ebc49aee0 of 58 bytes failed: Запрос ReadProcessMemory или WriteProcessMemory был выполнен только частично. (0x12B)
[0418/182513.472:ERROR:process_memory_win.cc(73)] ReadMemory at 0x27ebc49b110 of 64 bytes failed: Запрос ReadProcessMemory или WriteProcessMemory был выполнен только частично. (0x12B)
[0418/182513.472:ERROR:process_memory_win.cc(73)] ReadMemory at 0x27ebc49b200 of 62 bytes failed: Запрос ReadProcessMemory или WriteProcessMemory был выполнен только частично. (0x12B)
[0418/182513.482:ERROR:process_memory_win.cc(73)] ReadMemory at 0x27ebc49b2a0 of 62 bytes failed: Запрос ReadProcessMemory или WriteProcessMemory был выполнен только частично. (0x12B)
[0418/182513.482:ERROR:process_memory_win.cc(73)] ReadMemory at 0x27ebc49b2f0 of 64 bytes failed: Запрос ReadProcessMemory или WriteProcessMemory был выполнен только частично. (0x12B)
[0418/182513.482:ERROR:process_memory_win.cc(73)] ReadMemory at 0x27ebc49b340 of 62 bytes failed: Запрос ReadProcessMemory или WriteProcessMemory был выполнен только частично. (0x12B)
[0418/182513.513:ERROR:process_memory_win.cc(73)] ReadMemory at 0x27ebc49b430 of 56 bytes failed: Запрос ReadProcessMemory или WriteProcessMemory был выполнен только частично. (0x12B)
[0418/182513.513:ERROR:process_memory_win.cc(73)] ReadMemory at 0x27ebc49b480 of 64 bytes failed: Запрос ReadProcessMemory или WriteProcessMemory был выполнен только частично. (0x12B)
[0418/182513.513:ERROR:process_memory_win.cc(73)] ReadMemory at 0x27ebc49b4d0 of 62 bytes failed: Запрос ReadProcessMemory или WriteProcessMemory был выполнен только частично. (0x12B)
[0418/182513.513:ERROR:process_memory_win.cc(73)] ReadMemory at 0x27ebc49b520 of 64 bytes failed: Запрос ReadProcessMemory или WriteProcessMemory был выполнен только частично. (0x12B)
[0418/182513.513:ERROR:process_memory_win.cc(73)] ReadMemory at 0x27ebc49b570 of 64 bytes failed: Запрос ReadProcessMemory или WriteProcessMemory был выполнен только частично. (0x12B)
[0418/182513.513:ERROR:process_memory_win.cc(73)] ReadMemory at 0x27ebc49b6b0 of 60 bytes failed: Запрос ReadProcessMemory или WriteProcessMemory был выполнен только частично. (0x12B)
[0418/182513.513:ERROR:process_memory_win.cc(73)] ReadMemory at 0x27ebc49dd90 of 132 bytes failed: Запрос ReadProcessMemory или WriteProcessMemory был выполнен только частично. (0x12B)
[0418/182513.513:ERROR:process_memory_win.cc(73)] ReadMemory at 0x27ebc49e250 of 132 bytes failed: Запрос ReadProcessMemory или WriteProcessMemory был выполнен только частично. (0x12B)
[0418/182513.513:ERROR:process_memory_win.cc(73)] ReadMemory at 0x27ebc49e380 of 132 bytes failed: Запрос ReadProcessMemory или WriteProcessMemory был выполнен только частично. (0x12B)
[0418/182513.513:ERROR:process_memory_win.cc(73)] ReadMemory at 0x27ebc49e4b0 of 132 bytes failed: Запрос ReadProcessMemory или WriteProcessMemory был выполнен только частично. (0x12B)
[0418/182513.513:ERROR:process_memory_win.cc(73)] ReadMemory at 0x27ebc4afda0 of 512 bytes failed: Запрос ReadProcessMemory или WriteProcessMemory был выполнен только частично. (0x12B)
[0418/182513.513:ERROR:process_memory_win.cc(73)] ReadMemory at 0x27ebc4b0ca0 of 512 bytes failed: Запрос ReadProcessMemory или WriteProcessMemory был выполнен только частично. (0x12B)
[0418/182513.513:ERROR:process_memory_win.cc(73)] ReadMemory at 0x27ebc4b1f50 of 512 bytes failed: Запрос ReadProcessMemory или WriteProcessMemory был выполнен только частично. (0x12B)
[0418/182513.513:ERROR:process_memory_win.cc(73)] ReadMemory at 0x27ebc821a80 of 512 bytes failed: Запрос ReadProcessMemory или WriteProcessMemory был выполнен только частично. (0x12B)
[0418/182513.514:ERROR:process_memory_win.cc(73)] ReadMemory at 0x27ebc9c0000 of 384 bytes failed: Запрос ReadProcessMemory или WriteProcessMemory был выполнен только частично. (0x12B)
[0418/182513.783:ERROR:process_memory_win.cc(73)] ReadMemory at 0x27ebcc30600 of 512 bytes failed: Запрос ReadProcessMemory или WriteProcessMemory был выполнен только частично. (0x12B)
[0418/182513.783:ERROR:process_memory_win.cc(73)] ReadMemory at 0x27ebcc30a50 of 512 bytes failed: Запрос ReadProcessMemory или WriteProcessMemory был выполнен только частично. (0x12B)
[0418/182513.783:ERROR:process_memory_win.cc(73)] ReadMemory at 0x27ebcc4af50 of 512 bytes failed: Запрос ReadProcessMemory или WriteProcessMemory был выполнен только частично. (0x12B)
[0418/182513.783:ERROR:process_memory_win.cc(73)] ReadMemory at 0x27ebcc5ecf0 of 512 bytes failed: Запрос ReadProcessMemory или WriteProcessMemory был выполнен только частично. (0x12B)
[0418/182513.783:ERROR:process_memory_win.cc(73)] ReadMemory at 0x27ebcc5f170 of 512 bytes failed: Запрос ReadProcessMemory или WriteProcessMemory был выполнен только частично. (0x12B)
[0418/182513.783:ERROR:process_memory_win.cc(73)] ReadMemory at 0x27ebcc5f9b0 of 512 bytes failed: Запрос ReadProcessMemory или WriteProcessMemory был выполнен только частично. (0x12B)
[0418/182513.783:ERROR:process_memory_win.cc(73)] ReadMemory at 0x27ebcc6a540 of 696 bytes failed: Запрос ReadProcessMemory или WriteProcessMemory был выполнен только частично. (0x12B)
[0418/182513.783:ERROR:process_memory_win.cc(73)] ReadMemory at 0x27ebcc6e960 of 512 bytes failed: Запрос ReadProcessMemory или WriteProcessMemory был выполнен только частично. (0x12B)
[0418/182513.783:ERROR:process_memory_win.cc(73)] ReadMemory at 0x27ebcc6fc08 of 512 bytes failed: Запрос ReadProcessMemory или WriteProcessMemory был выполнен только частично. (0x12B)
[0418/182513.783:ERROR:process_memory_win.cc(73)] ReadMemory at 0x27ebcc7bcb0 of 512 bytes failed: Запрос ReadProcessMemory или WriteProcessMemory был выполнен только частично. (0x12B)
[0418/182513.783:ERROR:process_memory_win.cc(73)] ReadMemory at 0x27ebcc8bf70 of 512 bytes failed: Запрос ReadProcessMemory или WriteProcessMemory был выполнен только частично. (0x12B)
[0418/182513.783:ERROR:process_memory_win.cc(73)] ReadMemory at 0x27ebcc94dd0 of 512 bytes failed: Запрос ReadProcessMemory или WriteProcessMemory был выполнен только частично. (0x12B)
[0418/182513.784:ERROR:process_memory_win.cc(73)] ReadMemory at 0x27ebeb26d30 of 640 bytes failed: Запрос ReadProcessMemory или WriteProcessMemory был выполнен только частично. (0x12B)
[0418/182513.784:ERROR:process_memory_win.cc(73)] ReadMemory at 0x27ebeb26ff0 of 512 bytes failed: Запрос ReadProcessMemory или WriteProcessMemory был выполнен только частично. (0x12B)
[0418/182513.784:ERROR:process_memory_win.cc(73)] ReadMemory at 0x27ebeb32550 of 608 bytes failed: Запрос ReadProcessMemory или WriteProcessMemory был выполнен только частично. (0x12B)
[0418/182513.784:ERROR:process_memory_win.cc(73)] ReadMemory at 0x27ebeb34e80 of 512 bytes failed: Запрос ReadProcessMemory или WriteProcessMemory был выполнен только частично. (0x12B)
[0418/182513.784:ERROR:process_memory_win.cc(73)] ReadMemory at 0x27ebebf8550 of 512 bytes failed: Запрос ReadProcessMemory или WriteProcessMemory был выполнен только частично. (0x12B)
[0418/182513.784:ERROR:process_memory_win.cc(73)] ReadMemory at 0x27ebec1c100 of 528 bytes failed: Запрос ReadProcessMemory или WriteProcessMemory был выполнен только частично. (0x12B)
[0418/182513.784:ERROR:process_memory_win.cc(73)] ReadMemory at 0x27ebec230e0 of 512 bytes failed: Запрос ReadProcessMemory или WriteProcessMemory был выполнен только частично. (0x12B)
[0418/182513.784:ERROR:process_memory_win.cc(73)] ReadMemory at 0x27ebfc18ac0 of 512 bytes failed: Запрос ReadProcessMemory или WriteProcessMemory был выполнен только частично. (0x12B)
[0418/182513.784:ERROR:process_memory_win.cc(73)] ReadMemory at 0x64b837b14e21 of 512 bytes failed: Запрос ReadProcessMemory или WriteProcessMemory был выполнен только частично. (0x12B)
[0418/182513.784:ERROR:process_memory_win.cc(73)] ReadMemory at 0x7ffd77d30f17 of 512 bytes failed: Запрос ReadProcessMemory или WriteProcessMemory был выполнен только частично. (0x12B)
[0418/182513.784:ERROR:process_memory_win.cc(73)] ReadMemory at 0x7ffd77d94010 of 512 bytes failed: Запрос ReadProcessMemory или WriteProcessMemory был выполнен только частично. (0x12B)
[0418/182513.784:ERROR:process_memory_win.cc(73)] ReadMemory at 0x7ffd78270bb2 of 512 bytes failed: Запрос ReadProcessMemory или WriteProcessMemory был выполнен только частично. (0x12B)
[0418/182513.784:ERROR:process_memory_win.cc(73)] ReadMemory at 0x7ffd7c5bf01c of 512 bytes failed: Запрос ReadProcessMemory или WriteProcessMemory был выполнен только частично. (0x12B)
[0418/182513.785:ERROR:process_memory_win.cc(73)] ReadMemory at 0x7ffd7c7b1070 of 512 bytes failed: Запрос ReadProcessMemory или WriteProcessMemory был выполнен только частично. (0x12B)
[0418/182513.785:ERROR:process_memory_win.cc(73)] ReadMemory at 0x7ffdcdf1a308 of 512 bytes failed: Запрос ReadProcessMemory или WriteProcessMemory был выполнен только частично. (0x12B)
[0418/182513.785:ERROR:process_memory_win.cc(73)] ReadMemory at 0x7ffdd1280e00 of 512 bytes failed: Запрос ReadProcessMemory или WriteProcessMemory был выполнен только частично. (0x12B)
[0418/182513.901:ERROR:process_memory_win.cc(73)] ReadMemory at 0x7ffdd1ae6270 of 512 bytes failed: Запрос ReadProcessMemory или WriteProcessMemory был выполнен только частично. (0x12B)
[0418/182513.901:ERROR:process_memory_win.cc(73)] ReadMemory at 0x7ffdd1ae79f0 of 512 bytes failed: Запрос ReadProcessMemory или WriteProcessMemory был выполнен только частично. (0x12B)
[0418/182513.901:ERROR:process_memory_win.cc(73)] ReadMemory at 0x7ffdd1ae82e0 of 512 bytes failed: Запрос ReadProcessMemory или WriteProcessMemory был выполнен только частично. (0x12B)
[0418/182513.901:ERROR:process_memory_win.cc(73)] ReadMemory at 0x7ffdd1aea0d0 of 512 bytes failed: Запрос ReadProcessMemory или WriteProcessMemory был выполнен только частично. (0x12B)
[0418/182513.901:ERROR:process_memory_win.cc(73)] ReadMemory at 0x7ffdd1b5a9a4 of 512 bytes failed: Запрос ReadProcessMemory или WriteProcessMemory был выполнен только частично. (0x12B)
[0418/182513.901:ERROR:process_memory_win.cc(73)] ReadMemory at 0x7ffdd1b5afa4 of 512 bytes failed: Запрос ReadProcessMemory или WriteProcessMemory был выполнен только частично. (0x12B)
[0418/182513.901:ERROR:process_memory_win.cc(73)] ReadMemory at 0x7ffdd1b5e214 of 608 bytes failed: Запрос ReadProcessMemory или WriteProcessMemory был выполнен только частично. (0x12B)
[0418/182513.901:ERROR:process_memory_win.cc(73)] ReadMemory at 0x7ffdd1be01e0 of 18 bytes failed: Запрос ReadProcessMemory или WriteProcessMemory был выполнен только частично. (0x12B)
[0418/182513.901:ERROR:process_memory_win.cc(73)] ReadMemory at 0x7ffdd1c165b0 of 40 bytes failed: Запрос ReadProcessMemory или WriteProcessMemory был выполнен только частично. (0x12B)
[0418/182513.901:ERROR:process_memory_win.cc(73)] ReadMemory at 0x7ffdd1c16a08 of 48 bytes failed: Запрос ReadProcessMemory или WriteProcessMemory был выполнен только частично. (0x12B)
[0418/182513.959:ERROR:process_memory_win.cc(73)] ReadMemory at 0x7ffdd1c1c360 of 64 bytes failed: Запрос ReadProcessMemory или WriteProcessMemory был выполнен только частично. (0x12B)
[0418/182514.279:ERROR:scoped_process_suspend.cc(40)] NtResumeProcess: Попытка доступа к процессу, выполняющему процедуру завершения. (0xc000010a)
